{"C:\\Users\\emili\\Documents\\emilio-portfolio-final\\app\\layout.tsx": {"path":"C:\\Users\\emili\\Documents\\emilio-portfolio-final\\app\\layout.tsx","statementMap":{"0":{"start":{"line":123,"column":24},"end":{"line":123,"column":35}},"1":{"start":{"line":12,"column":13},"end":{"line":12,"column":21}},"2":{"start":{"line":1,"column":7},"end":{"line":1,"column":null}},"3":{"start":{"line":3,"column":22},"end":{"line":3,"column":null}},"4":{"start":{"line":4,"column":24},"end":{"line":4,"column":null}},"5":{"start":{"line":5,"column":36},"end":{"line":5,"column":null}},"6":{"start":{"line":6,"column":26},"end":{"line":6,"column":null}},"7":{"start":{"line":7,"column":19},"end":{"line":7,"column":null}},"8":{"start":{"line":8,"column":18},"end":{"line":8,"column":null}},"9":{"start":{"line":10,"column":14},"end":{"line":10,"column":null}},"10":{"start":{"line":12,"column":34},"end":{"line":87,"column":null}},"11":{"start":{"line":90,"column":15},"end":{"line":121,"column":null}}},"fnMap":{"0":{"name":"RootLayout","decl":{"start":{"line":123,"column":24},"end":{"line":123,"column":35}},"loc":{"start":{"line":127,"column":1},"end":{"line":192,"column":1}}}},"branchMap":{},"s":{"0":0,"1":0,"2":0,"3":0,"4":0,"5":0,"6":0,"7":0,"8":0,"9":0,"10":0,"11":0},"f":{"0":0},"b":{}}
,"C:\\Users\\emili\\Documents\\emilio-portfolio-final\\app\\page.tsx": {"path":"C:\\Users\\emili\\Documents\\emilio-portfolio-final\\app\\page.tsx","statementMap":{"0":{"start":{"line":16,"column":24},"end":{"line":16,"column":null}},"1":{"start":{"line":3,"column":31},"end":{"line":3,"column":null}},"2":{"start":{"line":4,"column":19},"end":{"line":4,"column":null}},"3":{"start":{"line":5,"column":17},"end":{"line":5,"column":null}},"4":{"start":{"line":6,"column":18},"end":{"line":6,"column":null}},"5":{"start":{"line":7,"column":18},"end":{"line":7,"column":null}},"6":{"start":{"line":8,"column":21},"end":{"line":8,"column":null}},"7":{"start":{"line":9,"column":20},"end":{"line":9,"column":null}},"8":{"start":{"line":10,"column":25},"end":{"line":10,"column":null}},"9":{"start":{"line":11,"column":19},"end":{"line":11,"column":null}},"10":{"start":{"line":12,"column":26},"end":{"line":12,"column":null}},"11":{"start":{"line":13,"column":24},"end":{"line":13,"column":null}},"12":{"start":{"line":14,"column":20},"end":{"line":14,"column":null}},"13":{"start":{"line":17,"column":23},"end":{"line":17,"column":null}},"14":{"start":{"line":19,"column":12},"end":{"line":30,"column":null}},"15":{"start":{"line":32,"column":16},"end":{"line":32,"column":27}}},"fnMap":{"0":{"name":"HomePage","decl":{"start":{"line":16,"column":24},"end":{"line":16,"column":null}},"loc":{"start":{"line":16,"column":24},"end":{"line":68,"column":null}}}},"branchMap":{},"s":{"0":0,"1":0,"2":0,"3":0,"4":0,"5":0,"6":0,"7":0,"8":0,"9":0,"10":0,"11":0,"12":0,"13":0,"14":0,"15":0},"f":{"0":0},"b":{}}
,"C:\\Users\\emili\\Documents\\emilio-portfolio-final\\app\\sitemap.ts": {"path":"C:\\Users\\emili\\Documents\\emilio-portfolio-final\\app\\sitemap.ts","statementMap":{"0":{"start":{"line":3,"column":24},"end":{"line":3,"column":null}},"1":{"start":{"line":4,"column":18},"end":{"line":4,"column":null}},"2":{"start":{"line":6,"column":2},"end":{"line":62,"column":null}}},"fnMap":{"0":{"name":"sitemap","decl":{"start":{"line":3,"column":24},"end":{"line":3,"column":null}},"loc":{"start":{"line":3,"column":24},"end":{"line":63,"column":null}}}},"branchMap":{},"s":{"0":0,"1":0,"2":0},"f":{"0":0},"b":{}}
,"C:\\Users\\emili\\Documents\\emilio-portfolio-final\\components\\About.tsx": {"path":"C:\\Users\\emili\\Documents\\emilio-portfolio-final\\components\\About.tsx","statementMap":{"0":{"start":{"line":5,"column":24},"end":{"line":5,"column":30}},"1":{"start":{"line":3,"column":23},"end":{"line":3,"column":null}}},"fnMap":{"0":{"name":"About","decl":{"start":{"line":5,"column":24},"end":{"line":5,"column":30}},"loc":{"start":{"line":11,"column":1},"end":{"line":38,"column":null}}}},"branchMap":{},"s":{"0":0,"1":0},"f":{"0":0},"b":{}}
,"C:\\Users\\emili\\Documents\\emilio-portfolio-final\\components\\Contact.tsx": {"path":"C:\\Users\\emili\\Documents\\emilio-portfolio-final\\components\\Contact.tsx","statementMap":{"0":{"start":{"line":7,"column":24},"end":{"line":7,"column":null}},"1":{"start":{"line":3,"column":24},"end":{"line":3,"column":null}},"2":{"start":{"line":4,"column":31},"end":{"line":4,"column":null}},"3":{"start":{"line":5,"column":23},"end":{"line":5,"column":null}},"4":{"start":{"line":8,"column":23},"end":{"line":8,"column":null}},"5":{"start":{"line":10,"column":12},"end":{"line":21,"column":null}},"6":{"start":{"line":23,"column":33},"end":{"line":23,"column":44}}},"fnMap":{"0":{"name":"Contact","decl":{"start":{"line":7,"column":24},"end":{"line":7,"column":null}},"loc":{"start":{"line":7,"column":24},"end":{"line":59,"column":null}}}},"branchMap":{},"s":{"0":0,"1":0,"2":0,"3":0,"4":0,"5":0,"6":0},"f":{"0":0},"b":{}}
,"C:\\Users\\emili\\Documents\\emilio-portfolio-final\\components\\ContactForm.tsx": {"path":"C:\\Users\\emili\\Documents\\emilio-portfolio-final\\components\\ContactForm.tsx","statementMap":{"0":{"start":{"line":9,"column":24},"end":{"line":9,"column":null}},"1":{"start":{"line":3,"column":44},"end":{"line":3,"column":null}},"2":{"start":{"line":4,"column":23},"end":{"line":4,"column":null}},"3":{"start":{"line":5,"column":22},"end":{"line":5,"column":null}},"4":{"start":{"line":6,"column":20},"end":{"line":6,"column":null}},"5":{"start":{"line":7,"column":31},"end":{"line":7,"column":null}},"6":{"start":{"line":10,"column":23},"end":{"line":10,"column":null}},"7":{"start":{"line":11,"column":34},"end":{"line":11,"column":null}},"8":{"start":{"line":12,"column":36},"end":{"line":12,"column":null}},"9":{"start":{"line":13,"column":28},"end":{"line":13,"column":null}},"10":{"start":{"line":14,"column":32},"end":{"line":14,"column":null}},"11":{"start":{"line":15,"column":23},"end":{"line":15,"column":null}},"12":{"start":{"line":16,"column":44},"end":{"line":16,"column":null}},"13":{"start":{"line":18,"column":20},"end":{"line":18,"column":62}},"14":{"start":{"line":19,"column":21},"end":{"line":19,"column":64}},"15":{"start":{"line":20,"column":20},"end":{"line":20,"column":62}},"16":{"start":{"line":21,"column":23},"end":{"line":21,"column":null}},"17":{"start":{"line":23,"column":12},"end":{"line":54,"column":null}},"18":{"start":{"line":56,"column":16},"end":{"line":56,"column":27}},"19":{"start":{"line":58,"column":24},"end":{"line":59,"column":null}},"20":{"start":{"line":59,"column":4},"end":{"line":59,"column":null}},"21":{"start":{"line":61,"column":2},"end":{"line":64,"column":null}},"22":{"start":{"line":62,"column":18},"end":{"line":62,"column":null}},"23":{"start":{"line":62,"column":35},"end":{"line":62,"column":59}},"24":{"start":{"line":63,"column":4},"end":{"line":63,"column":null}},"25":{"start":{"line":63,"column":17},"end":{"line":63,"column":null}},"26":{"start":{"line":66,"column":23},"end":{"line":70,"column":null}},"27":{"start":{"line":69,"column":4},"end":{"line":69,"column":null}},"28":{"start":{"line":72,"column":23},"end":{"line":119,"column":null}},"29":{"start":{"line":73,"column":4},"end":{"line":73,"column":null}},"30":{"start":{"line":74,"column":4},"end":{"line":77,"column":null}},"31":{"start":{"line":75,"column":6},"end":{"line":75,"column":null}},"32":{"start":{"line":76,"column":6},"end":{"line":76,"column":null}},"33":{"start":{"line":78,"column":4},"end":{"line":81,"column":null}},"34":{"start":{"line":79,"column":6},"end":{"line":79,"column":null}},"35":{"start":{"line":80,"column":6},"end":{"line":80,"column":null}},"36":{"start":{"line":83,"column":4},"end":{"line":118,"column":null}},"37":{"start":{"line":84,"column":6},"end":{"line":84,"column":null}},"38":{"start":{"line":85,"column":6},"end":{"line":85,"column":null}},"39":{"start":{"line":87,"column":20},"end":{"line":87,"column":null}},"40":{"start":{"line":88,"column":6},"end":{"line":88,"column":null}},"41":{"start":{"line":90,"column":6},"end":{"line":94,"column":null}},"42":{"start":{"line":91,"column":8},"end":{"line":91,"column":null}},"43":{"start":{"line":92,"column":8},"end":{"line":92,"column":null}},"44":{"start":{"line":93,"column":8},"end":{"line":93,"column":null}},"45":{"start":{"line":96,"column":21},"end":{"line":105,"column":null}},"46":{"start":{"line":108,"column":6},"end":{"line":113,"column":null}},"47":{"start":{"line":109,"column":8},"end":{"line":109,"column":null}},"48":{"start":{"line":110,"column":8},"end":{"line":110,"column":null}},"49":{"start":{"line":112,"column":8},"end":{"line":112,"column":null}},"50":{"start":{"line":115,"column":6},"end":{"line":115,"column":null}},"51":{"start":{"line":117,"column":6},"end":{"line":117,"column":null}}},"fnMap":{"0":{"name":"ContactForm","decl":{"start":{"line":9,"column":24},"end":{"line":9,"column":null}},"loc":{"start":{"line":9,"column":24},"end":{"line":192,"column":null}}},"1":{"name":"(anonymous_3)","decl":{"start":{"line":58,"column":24},"end":{"line":58,"column":25}},"loc":{"start":{"line":59,"column":4},"end":{"line":59,"column":null}}},"2":{"name":"(anonymous_4)","decl":{"start":{"line":61,"column":12},"end":{"line":61,"column":null}},"loc":{"start":{"line":61,"column":12},"end":{"line":64,"column":5}}},"3":{"name":"(anonymous_5)","decl":{"start":{"line":62,"column":29},"end":{"line":62,"column":35}},"loc":{"start":{"line":62,"column":35},"end":{"line":62,"column":59}}},"4":{"name":"(anonymous_6)","decl":{"start":{"line":63,"column":11},"end":{"line":63,"column":17}},"loc":{"start":{"line":63,"column":17},"end":{"line":63,"column":null}}},"5":{"name":"(anonymous_7)","decl":{"start":{"line":66,"column":23},"end":{"line":66,"column":null}},"loc":{"start":{"line":67,"column":4},"end":{"line":70,"column":null}}},"6":{"name":"(anonymous_8)","decl":{"start":{"line":72,"column":23},"end":{"line":72,"column":30}},"loc":{"start":{"line":72,"column":30},"end":{"line":119,"column":null}}}},"branchMap":{"0":{"loc":{"start":{"line":74,"column":4},"end":{"line":77,"column":null}},"type":"if","locations":[{"start":{"line":74,"column":4},"end":{"line":77,"column":null}},{"start":{},"end":{}}]},"1":{"loc":{"start":{"line":74,"column":8},"end":{"line":74,"column":62}},"type":"binary-expr","locations":[{"start":{"line":74,"column":8},"end":{"line":74,"column":22}},{"start":{"line":74,"column":26},"end":{"line":74,"column":41}},{"start":{"line":74,"column":45},"end":{"line":74,"column":62}}]},"2":{"loc":{"start":{"line":78,"column":4},"end":{"line":81,"column":null}},"type":"if","locations":[{"start":{"line":78,"column":4},"end":{"line":81,"column":null}},{"start":{},"end":{}}]},"3":{"loc":{"start":{"line":90,"column":6},"end":{"line":94,"column":null}},"type":"if","locations":[{"start":{"line":90,"column":6},"end":{"line":94,"column":null}},{"start":{},"end":{}}]},"4":{"loc":{"start":{"line":108,"column":6},"end":{"line":113,"column":null}},"type":"if","locations":[{"start":{"line":108,"column":6},"end":{"line":113,"column":null}},{"start":{"line":111,"column":13},"end":{"line":113,"column":null}}]},"5":{"loc":{"start":{"line":129,"column":7},"end":{"line":129,"column":16}},"type":"binary-expr","locations":[{"start":{"line":129,"column":7},"end":{"line":129,"column":16}}]},"6":{"loc":{"start":{"line":130,"column":7},"end":{"line":130,"column":20}},"type":"binary-expr","locations":[{"start":{"line":130,"column":7},"end":{"line":130,"column":20}}]},"7":{"loc":{"start":{"line":175,"column":10},"end":{"line":175,"column":null}},"type":"cond-expr","locations":[{"start":{"line":175,"column":20},"end":{"line":175,"column":54}},{"start":{"line":175,"column":54},"end":{"line":175,"column":null}}]},"8":{"loc":{"start":{"line":178,"column":9},"end":{"line":181,"column":22}},"type":"cond-expr","locations":[{"start":{"line":179,"column":10},"end":{"line":181,"column":16}},{"start":{"line":181,"column":10},"end":{"line":181,"column":22}}]},"9":{"loc":{"start":{"line":185,"column":7},"end":{"line":185,"column":null}},"type":"binary-expr","locations":[{"start":{"line":185,"column":7},"end":{"line":185,"column":null}}]}},"s":{"0":0,"1":0,"2":0,"3":0,"4":0,"5":0,"6":0,"7":0,"8":0,"9":0,"10":0,"11":0,"12":0,"13":0,"14":0,"15":0,"16":0,"17":0,"18":0,"19":0,"20":0,"21":0,"22":0,"23":0,"24":0,"25":0,"26":0,"27":0,"28":0,"29":0,"30":0,"31":0,"32":0,"33":0,"34":0,"35":0,"36":0,"37":0,"38":0,"39":0,"40":0,"41":0,"42":0,"43":0,"44":0,"45":0,"46":0,"47":0,"48":0,"49":0,"50":0,"51":0},"f":{"0":0,"1":0,"2":0,"3":0,"4":0,"5":0,"6":0},"b":{"0":[0,0],"1":[0,0,0],"2":[0,0],"3":[0,0],"4":[0,0],"5":[0],"6":[0],"7":[0,0],"8":[0,0],"9":[0]}}
,"C:\\Users\\emili\\Documents\\emilio-portfolio-final\\components\\FadeInSection.tsx": {"path":"C:\\Users\\emili\\Documents\\emilio-portfolio-final\\components\\FadeInSection.tsx","statementMap":{"0":{"start":{"line":5,"column":24},"end":{"line":5,"column":38}},"1":{"start":{"line":2,"column":23},"end":{"line":2,"column":null}},"2":{"start":{"line":3,"column":26},"end":{"line":3,"column":null}},"3":{"start":{"line":6,"column":24},"end":{"line":6,"column":null}}},"fnMap":{"0":{"name":"FadeInSection","decl":{"start":{"line":5,"column":24},"end":{"line":5,"column":38}},"loc":{"start":{"line":5,"column":81},"end":{"line":18,"column":null}}}},"branchMap":{"0":{"loc":{"start":{"line":12,"column":15},"end":{"line":12,"column":null}},"type":"cond-expr","locations":[{"start":{"line":12,"column":24},"end":{"line":12,"column":47}},{"start":{"line":12,"column":47},"end":{"line":12,"column":null}}]}},"s":{"0":0,"1":0,"2":0,"3":0},"f":{"0":0},"b":{"0":[0,0]}}
,"C:\\Users\\emili\\Documents\\emilio-portfolio-final\\components\\Footer.tsx": {"path":"C:\\Users\\emili\\Documents\\emilio-portfolio-final\\components\\Footer.tsx","statementMap":{"0":{"start":{"line":7,"column":24},"end":{"line":7,"column":null}},"1":{"start":{"line":3,"column":37},"end":{"line":3,"column":null}},"2":{"start":{"line":4,"column":31},"end":{"line":4,"column":null}},"3":{"start":{"line":5,"column":23},"end":{"line":5,"column":null}},"4":{"start":{"line":8,"column":23},"end":{"line":8,"column":null}},"5":{"start":{"line":10,"column":12},"end":{"line":21,"column":null}},"6":{"start":{"line":23,"column":16},"end":{"line":23,"column":27}}},"fnMap":{"0":{"name":"Footer","decl":{"start":{"line":7,"column":24},"end":{"line":7,"column":null}},"loc":{"start":{"line":7,"column":24},"end":{"line":62,"column":null}}}},"branchMap":{},"s":{"0":0,"1":0,"2":0,"3":0,"4":0,"5":0,"6":0},"f":{"0":0},"b":{}}
,"C:\\Users\\emili\\Documents\\emilio-portfolio-final\\components\\Hero.tsx": {"path":"C:\\Users\\emili\\Documents\\emilio-portfolio-final\\components\\Hero.tsx","statementMap":{"0":{"start":{"line":14,"column":24},"end":{"line":14,"column":null}},"1":{"start":{"line":3,"column":31},"end":{"line":3,"column":null}},"2":{"start":{"line":4,"column":50},"end":{"line":4,"column":null}},"3":{"start":{"line":6,"column":18},"end":{"line":6,"column":null}},"4":{"start":{"line":7,"column":23},"end":{"line":7,"column":null}},"5":{"start":{"line":8,"column":31},"end":{"line":8,"column":null}},"6":{"start":{"line":10,"column":55},"end":{"line":10,"column":63}},"7":{"start":{"line":11,"column":57},"end":{"line":11,"column":67}},"8":{"start":{"line":12,"column":58},"end":{"line":12,"column":69}},"9":{"start":{"line":15,"column":23},"end":{"line":15,"column":null}},"10":{"start":{"line":17,"column":12},"end":{"line":36,"column":null}},"11":{"start":{"line":38,"column":62},"end":{"line":38,"column":73}},"12":{"start":{"line":39,"column":17},"end":{"line":39,"column":105}},"13":{"start":{"line":40,"column":18},"end":{"line":40,"column":null}}},"fnMap":{"0":{"name":"Hero","decl":{"start":{"line":14,"column":24},"end":{"line":14,"column":null}},"loc":{"start":{"line":14,"column":24},"end":{"line":141,"column":null}}}},"branchMap":{"0":{"loc":{"start":{"line":40,"column":18},"end":{"line":40,"column":null}},"type":"cond-expr","locations":[{"start":{"line":40,"column":38},"end":{"line":40,"column":56}},{"start":{"line":40,"column":56},"end":{"line":40,"column":null}}]}},"s":{"0":7,"1":1,"2":1,"3":1,"4":1,"5":1,"6":1,"7":1,"8":1,"9":14,"10":14,"11":14,"12":14,"13":14},"f":{"0":14},"b":{"0":[7,7]}}
,"C:\\Users\\emili\\Documents\\emilio-portfolio-final\\components\\ProjectCarousel.tsx": {"path":"C:\\Users\\emili\\Documents\\emilio-portfolio-final\\components\\ProjectCarousel.tsx","statementMap":{"0":{"start":{"line":8,"column":24},"end":{"line":8,"column":40}},"1":{"start":{"line":3,"column":18},"end":{"line":3,"column":null}},"2":{"start":{"line":4,"column":36},"end":{"line":4,"column":null}},"3":{"start":{"line":5,"column":45},"end":{"line":5,"column":null}},"4":{"start":{"line":6,"column":40},"end":{"line":6,"column":null}},"5":{"start":{"line":15,"column":32},"end":{"line":15,"column":null}},"6":{"start":{"line":16,"column":34},"end":{"line":16,"column":null}},"7":{"start":{"line":18,"column":15},"end":{"line":18,"column":null}},"8":{"start":{"line":18,"column":21},"end":{"line":18,"column":null}},"9":{"start":{"line":18,"column":42},"end":{"line":18,"column":68}},"10":{"start":{"line":19,"column":15},"end":{"line":20,"column":null}},"11":{"start":{"line":20,"column":4},"end":{"line":20,"column":null}},"12":{"start":{"line":20,"column":25},"end":{"line":20,"column":67}},"13":{"start":{"line":22,"column":2},"end":{"line":39,"column":null}},"14":{"start":{"line":23,"column":22},"end":{"line":25,"column":null}},"15":{"start":{"line":24,"column":6},"end":{"line":24,"column":null}},"16":{"start":{"line":24,"column":30},"end":{"line":24,"column":null}},"17":{"start":{"line":27,"column":4},"end":{"line":27,"column":null}},"18":{"start":{"line":29,"column":4},"end":{"line":33,"column":null}},"19":{"start":{"line":30,"column":6},"end":{"line":30,"column":null}},"20":{"start":{"line":32,"column":6},"end":{"line":32,"column":null}},"21":{"start":{"line":35,"column":4},"end":{"line":38,"column":null}},"22":{"start":{"line":36,"column":6},"end":{"line":36,"column":null}},"23":{"start":{"line":37,"column":6},"end":{"line":37,"column":null}},"24":{"start":{"line":62,"column":27},"end":{"line":62,"column":null}},"25":{"start":{"line":63,"column":30},"end":{"line":63,"column":null}},"26":{"start":{"line":72,"column":12},"end":{"line":73,"column":null}},"27":{"start":{"line":74,"column":29},"end":{"line":74,"column":null}},"28":{"start":{"line":113,"column":27},"end":{"line":113,"column":null}},"29":{"start":{"line":120,"column":30},"end":{"line":120,"column":null}},"30":{"start":{"line":123,"column":31},"end":{"line":123,"column":null}}},"fnMap":{"0":{"name":"ProjectCarousel","decl":{"start":{"line":8,"column":24},"end":{"line":8,"column":40}},"loc":{"start":{"line":14,"column":1},"end":{"line":142,"column":null}}},"1":{"name":"(anonymous_3)","decl":{"start":{"line":18,"column":15},"end":{"line":18,"column":21}},"loc":{"start":{"line":18,"column":21},"end":{"line":18,"column":null}}},"2":{"name":"(anonymous_4)","decl":{"start":{"line":18,"column":32},"end":{"line":18,"column":33}},"loc":{"start":{"line":18,"column":42},"end":{"line":18,"column":68}}},"3":{"name":"(anonymous_5)","decl":{"start":{"line":19,"column":15},"end":{"line":19,"column":null}},"loc":{"start":{"line":20,"column":4},"end":{"line":20,"column":null}}},"4":{"name":"(anonymous_6)","decl":{"start":{"line":20,"column":15},"end":{"line":20,"column":16}},"loc":{"start":{"line":20,"column":25},"end":{"line":20,"column":67}}},"5":{"name":"(anonymous_7)","decl":{"start":{"line":22,"column":12},"end":{"line":22,"column":null}},"loc":{"start":{"line":22,"column":12},"end":{"line":39,"column":5}}},"6":{"name":"(anonymous_8)","decl":{"start":{"line":23,"column":22},"end":{"line":23,"column":23}},"loc":{"start":{"line":23,"column":23},"end":{"line":25,"column":null}}},"7":{"name":"(anonymous_9)","decl":{"start":{"line":35,"column":11},"end":{"line":35,"column":null}},"loc":{"start":{"line":35,"column":11},"end":{"line":38,"column":null}}},"8":{"name":"(anonymous_10)","decl":{"start":{"line":62,"column":21},"end":{"line":62,"column":27}},"loc":{"start":{"line":62,"column":27},"end":{"line":62,"column":null}}},"9":{"name":"(anonymous_11)","decl":{"start":{"line":63,"column":23},"end":{"line":63,"column":24}},"loc":{"start":{"line":63,"column":30},"end":{"line":63,"column":null}}},"10":{"name":"(anonymous_12)","decl":{"start":{"line":71,"column":22},"end":{"line":71,"column":23}},"loc":{"start":{"line":72,"column":12},"end":{"line":73,"column":null}}},"11":{"name":"(anonymous_13)","decl":{"start":{"line":74,"column":23},"end":{"line":74,"column":29}},"loc":{"start":{"line":74,"column":29},"end":{"line":74,"column":null}}},"12":{"name":"(anonymous_14)","decl":{"start":{"line":113,"column":21},"end":{"line":113,"column":27}},"loc":{"start":{"line":113,"column":27},"end":{"line":113,"column":null}}},"13":{"name":"(anonymous_15)","decl":{"start":{"line":120,"column":23},"end":{"line":120,"column":24}},"loc":{"start":{"line":120,"column":30},"end":{"line":120,"column":null}}},"14":{"name":"(anonymous_16)","decl":{"start":{"line":123,"column":25},"end":{"line":123,"column":31}},"loc":{"start":{"line":123,"column":31},"end":{"line":123,"column":null}}}},"branchMap":{"0":{"loc":{"start":{"line":24,"column":6},"end":{"line":24,"column":null}},"type":"if","locations":[{"start":{"line":24,"column":6},"end":{"line":24,"column":null}},{"start":{},"end":{}}]},"1":{"loc":{"start":{"line":29,"column":4},"end":{"line":33,"column":null}},"type":"if","locations":[{"start":{"line":29,"column":4},"end":{"line":33,"column":null}},{"start":{"line":31,"column":11},"end":{"line":33,"column":null}}]},"2":{"loc":{"start":{"line":63,"column":30},"end":{"line":63,"column":null}},"type":"binary-expr","locations":[{"start":{"line":63,"column":30},"end":{"line":63,"column":51}},{"start":{"line":63,"column":51},"end":{"line":63,"column":null}}]},"3":{"loc":{"start":{"line":77,"column":16},"end":{"line":79,"column":null}},"type":"cond-expr","locations":[{"start":{"line":78,"column":20},"end":{"line":78,"column":null}},{"start":{"line":79,"column":20},"end":{"line":79,"column":null}}]},"4":{"loc":{"start":{"line":104,"column":9},"end":{"line":104,"column":null}},"type":"binary-expr","locations":[{"start":{"line":104,"column":9},"end":{"line":104,"column":null}}]}},"s":{"0":0,"1":0,"2":0,"3":0,"4":0,"5":0,"6":0,"7":0,"8":0,"9":0,"10":0,"11":0,"12":0,"13":0,"14":0,"15":0,"16":0,"17":0,"18":0,"19":0,"20":0,"21":0,"22":0,"23":0,"24":0,"25":0,"26":0,"27":0,"28":0,"29":0,"30":0},"f":{"0":0,"1":0,"2":0,"3":0,"4":0,"5":0,"6":0,"7":0,"8":0,"9":0,"10":0,"11":0,"12":0,"13":0,"14":0},"b":{"0":[0,0],"1":[0,0],"2":[0,0],"3":[0,0],"4":[0]}}
,"C:\\Users\\emili\\Documents\\emilio-portfolio-final\\components\\Projects.tsx": {"path":"C:\\Users\\emili\\Documents\\emilio-portfolio-final\\components\\Projects.tsx","statementMap":{"0":{"start":{"line":140,"column":24},"end":{"line":140,"column":null}},"1":{"start":{"line":4,"column":25},"end":{"line":4,"column":null}},"2":{"start":{"line":5,"column":31},"end":{"line":5,"column":null}},"3":{"start":{"line":6,"column":33},"end":{"line":6,"column":null}},"4":{"start":{"line":17,"column":7},"end":{"line":17,"column":null}},"5":{"start":{"line":18,"column":23},"end":{"line":18,"column":null}},"6":{"start":{"line":19,"column":49},"end":{"line":19,"column":null}},"7":{"start":{"line":20,"column":28},"end":{"line":20,"column":null}},"8":{"start":{"line":22,"column":17},"end":{"line":133,"column":null}},"9":{"start":{"line":136,"column":16},"end":{"line":136,"column":null}},"10":{"start":{"line":137,"column":2},"end":{"line":137,"column":null}},"11":{"start":{"line":141,"column":23},"end":{"line":141,"column":null}},"12":{"start":{"line":142,"column":44},"end":{"line":142,"column":null}},"13":{"start":{"line":144,"column":12},"end":{"line":165,"column":null}},"14":{"start":{"line":153,"column":28},"end":{"line":153,"column":55}},"15":{"start":{"line":163,"column":28},"end":{"line":163,"column":53}},"16":{"start":{"line":167,"column":16},"end":{"line":167,"column":27}},"17":{"start":{"line":196,"column":26},"end":{"line":196,"column":51}},"18":{"start":{"line":197,"column":10},"end":{"line":199,"column":null}},"19":{"start":{"line":229,"column":32},"end":{"line":229,"column":76}},"20":{"start":{"line":230,"column":20},"end":{"line":232,"column":null}},"21":{"start":{"line":275,"column":35},"end":{"line":275,"column":null}},"22":{"start":{"line":305,"column":25},"end":{"line":305,"column":null}},"23":{"start":{"line":306,"column":28},"end":{"line":306,"column":null}},"24":{"start":{"line":314,"column":28},"end":{"line":314,"column":null}}},"fnMap":{"0":{"name":"getYouTubeId","decl":{"start":{"line":135,"column":9},"end":{"line":135,"column":22}},"loc":{"start":{"line":135,"column":33},"end":{"line":138,"column":null}}},"1":{"name":"Projects","decl":{"start":{"line":140,"column":24},"end":{"line":140,"column":null}},"loc":{"start":{"line":140,"column":24},"end":{"line":334,"column":null}}},"2":{"name":"(anonymous_4)","decl":{"start":{"line":153,"column":13},"end":{"line":153,"column":14}},"loc":{"start":{"line":153,"column":28},"end":{"line":153,"column":55}}},"3":{"name":"(anonymous_5)","decl":{"start":{"line":163,"column":13},"end":{"line":163,"column":14}},"loc":{"start":{"line":163,"column":28},"end":{"line":163,"column":53}}},"4":{"name":"(anonymous_6)","decl":{"start":{"line":195,"column":22},"end":{"line":195,"column":23}},"loc":{"start":{"line":195,"column":32},"end":{"line":284,"column":null}}},"5":{"name":"(anonymous_7)","decl":{"start":{"line":228,"column":44},"end":{"line":228,"column":45}},"loc":{"start":{"line":228,"column":51},"end":{"line":239,"column":null}}},"6":{"name":"(anonymous_8)","decl":{"start":{"line":275,"column":29},"end":{"line":275,"column":35}},"loc":{"start":{"line":275,"column":35},"end":{"line":275,"column":null}}},"7":{"name":"(anonymous_9)","decl":{"start":{"line":305,"column":19},"end":{"line":305,"column":25}},"loc":{"start":{"line":305,"column":25},"end":{"line":305,"column":null}}},"8":{"name":"(anonymous_10)","decl":{"start":{"line":306,"column":21},"end":{"line":306,"column":22}},"loc":{"start":{"line":306,"column":28},"end":{"line":306,"column":null}}},"9":{"name":"(anonymous_11)","decl":{"start":{"line":314,"column":21},"end":{"line":314,"column":22}},"loc":{"start":{"line":314,"column":28},"end":{"line":314,"column":null}}}},"branchMap":{"0":{"loc":{"start":{"line":137,"column":9},"end":{"line":137,"column":null}},"type":"cond-expr","locations":[{"start":{"line":137,"column":17},"end":{"line":137,"column":25}},{"start":{"line":137,"column":28},"end":{"line":137,"column":null}}]},"1":{"loc":{"start":{"line":210,"column":19},"end":{"line":210,"column":32}},"type":"binary-expr","locations":[{"start":{"line":210,"column":19},"end":{"line":210,"column":32}}]},"2":{"loc":{"start":{"line":229,"column":32},"end":{"line":229,"column":76}},"type":"binary-expr","locations":[{"start":{"line":229,"column":32},"end":{"line":229,"column":45}},{"start":{"line":229,"column":45},"end":{"line":229,"column":76}}]},"3":{"loc":{"start":{"line":234,"column":31},"end":{"line":234,"column":null}},"type":"binary-expr","locations":[{"start":{"line":234,"column":31},"end":{"line":234,"column":74}},{"start":{"line":234,"column":74},"end":{"line":234,"column":null}}]},"4":{"loc":{"start":{"line":253,"column":17},"end":{"line":253,"column":33}},"type":"binary-expr","locations":[{"start":{"line":253,"column":17},"end":{"line":253,"column":33}}]},"5":{"loc":{"start":{"line":263,"column":17},"end":{"line":263,"column":33}},"type":"binary-expr","locations":[{"start":{"line":263,"column":17},"end":{"line":263,"column":33}}]},"6":{"loc":{"start":{"line":273,"column":17},"end":{"line":273,"column":36}},"type":"binary-expr","locations":[{"start":{"line":273,"column":17},"end":{"line":273,"column":36}}]},"7":{"loc":{"start":{"line":199,"column":19},"end":{"line":199,"column":null}},"type":"binary-expr","locations":[{"start":{"line":199,"column":19},"end":{"line":199,"column":35}},{"start":{"line":199,"column":39},"end":{"line":199,"column":null}}]},"8":{"loc":{"start":{"line":299,"column":7},"end":{"line":299,"column":null}},"type":"binary-expr","locations":[{"start":{"line":299,"column":7},"end":{"line":299,"column":null}}]},"9":{"loc":{"start":{"line":306,"column":28},"end":{"line":306,"column":null}},"type":"binary-expr","locations":[{"start":{"line":306,"column":28},"end":{"line":306,"column":50}},{"start":{"line":306,"column":50},"end":{"line":306,"column":null}}]}},"s":{"0":0,"1":0,"2":0,"3":0,"4":0,"5":0,"6":0,"7":0,"8":0,"9":0,"10":0,"11":0,"12":0,"13":0,"14":0,"15":0,"16":0,"17":0,"18":0,"19":0,"20":0,"21":0,"22":0,"23":0,"24":0},"f":{"0":0,"1":0,"2":0,"3":0,"4":0,"5":0,"6":0,"7":0,"8":0,"9":0},"b":{"0":[0,0],"1":[0],"2":[0,0],"3":[0,0],"4":[0],"5":[0],"6":[0],"7":[0,0],"8":[0],"9":[0,0]}}
,"C:\\Users\\emili\\Documents\\emilio-portfolio-final\\components\\SEOHead.tsx": {"path":"C:\\Users\\emili\\Documents\\emilio-portfolio-final\\components\\SEOHead.tsx","statementMap":{"0":{"start":{"line":7,"column":24},"end":{"line":7,"column":null}},"1":{"start":{"line":3,"column":26},"end":{"line":3,"column":null}},"2":{"start":{"line":4,"column":31},"end":{"line":4,"column":null}},"3":{"start":{"line":5,"column":39},"end":{"line":5,"column":null}},"4":{"start":{"line":8,"column":23},"end":{"line":8,"column":null}},"5":{"start":{"line":10,"column":2},"end":{"line":73,"column":null}},"6":{"start":{"line":12,"column":19},"end":{"line":20,"column":null}},"7":{"start":{"line":22,"column":4},"end":{"line":22,"column":null}},"8":{"start":{"line":25,"column":28},"end":{"line":25,"column":null}},"9":{"start":{"line":26,"column":4},"end":{"line":28,"column":null}},"10":{"start":{"line":27,"column":6},"end":{"line":27,"column":null}},"11":{"start":{"line":31,"column":20},"end":{"line":31,"column":null}},"12":{"start":{"line":32,"column":4},"end":{"line":34,"column":null}},"13":{"start":{"line":33,"column":6},"end":{"line":33,"column":null}},"14":{"start":{"line":36,"column":26},"end":{"line":36,"column":null}},"15":{"start":{"line":37,"column":4},"end":{"line":39,"column":null}},"16":{"start":{"line":38,"column":6},"end":{"line":38,"column":null}},"17":{"start":{"line":41,"column":21},"end":{"line":41,"column":null}},"18":{"start":{"line":42,"column":4},"end":{"line":44,"column":null}},"19":{"start":{"line":43,"column":6},"end":{"line":43,"column":null}},"20":{"start":{"line":47,"column":25},"end":{"line":47,"column":null}},"21":{"start":{"line":48,"column":4},"end":{"line":50,"column":null}},"22":{"start":{"line":49,"column":6},"end":{"line":49,"column":null}},"23":{"start":{"line":52,"column":31},"end":{"line":52,"column":null}},"24":{"start":{"line":53,"column":4},"end":{"line":55,"column":null}},"25":{"start":{"line":54,"column":6},"end":{"line":54,"column":null}},"26":{"start":{"line":58,"column":23},"end":{"line":58,"column":null}},"27":{"start":{"line":59,"column":23},"end":{"line":59,"column":null}},"28":{"start":{"line":61,"column":4},"end":{"line":64,"column":null}},"29":{"start":{"line":62,"column":6},"end":{"line":62,"column":null}},"30":{"start":{"line":63,"column":6},"end":{"line":63,"column":null}},"31":{"start":{"line":67,"column":27},"end":{"line":67,"column":null}},"32":{"start":{"line":68,"column":26},"end":{"line":68,"column":null}},"33":{"start":{"line":69,"column":4},"end":{"line":71,"column":null}},"34":{"start":{"line":70,"column":6},"end":{"line":70,"column":null}}},"fnMap":{"0":{"name":"SEOHead","decl":{"start":{"line":7,"column":24},"end":{"line":7,"column":null}},"loc":{"start":{"line":7,"column":24},"end":{"line":76,"column":null}}},"1":{"name":"(anonymous_2)","decl":{"start":{"line":10,"column":12},"end":{"line":10,"column":null}},"loc":{"start":{"line":10,"column":12},"end":{"line":73,"column":5}}}},"branchMap":{"0":{"loc":{"start":{"line":12,"column":19},"end":{"line":20,"column":null}},"type":"cond-expr","locations":[{"start":{"line":13,"column":8},"end":{"line":16,"column":null}},{"start":{"line":17,"column":8},"end":{"line":20,"column":null}}]},"1":{"loc":{"start":{"line":26,"column":4},"end":{"line":28,"column":null}},"type":"if","locations":[{"start":{"line":26,"column":4},"end":{"line":28,"column":null}},{"start":{},"end":{}}]},"2":{"loc":{"start":{"line":32,"column":4},"end":{"line":34,"column":null}},"type":"if","locations":[{"start":{"line":32,"column":4},"end":{"line":34,"column":null}},{"start":{},"end":{}}]},"3":{"loc":{"start":{"line":37,"column":4},"end":{"line":39,"column":null}},"type":"if","locations":[{"start":{"line":37,"column":4},"end":{"line":39,"column":null}},{"start":{},"end":{}}]},"4":{"loc":{"start":{"line":42,"column":4},"end":{"line":44,"column":null}},"type":"if","locations":[{"start":{"line":42,"column":4},"end":{"line":44,"column":null}},{"start":{},"end":{}}]},"5":{"loc":{"start":{"line":43,"column":39},"end":{"line":43,"column":null}},"type":"cond-expr","locations":[{"start":{"line":43,"column":59},"end":{"line":43,"column":69}},{"start":{"line":43,"column":69},"end":{"line":43,"column":null}}]},"6":{"loc":{"start":{"line":48,"column":4},"end":{"line":50,"column":null}},"type":"if","locations":[{"start":{"line":48,"column":4},"end":{"line":50,"column":null}},{"start":{},"end":{}}]},"7":{"loc":{"start":{"line":53,"column":4},"end":{"line":55,"column":null}},"type":"if","locations":[{"start":{"line":53,"column":4},"end":{"line":55,"column":null}},{"start":{},"end":{}}]},"8":{"loc":{"start":{"line":61,"column":4},"end":{"line":64,"column":null}},"type":"if","locations":[{"start":{"line":61,"column":4},"end":{"line":64,"column":null}},{"start":{},"end":{}}]},"9":{"loc":{"start":{"line":61,"column":8},"end":{"line":61,"column":34}},"type":"binary-expr","locations":[{"start":{"line":61,"column":8},"end":{"line":61,"column":22}},{"start":{"line":61,"column":22},"end":{"line":61,"column":34}}]},"10":{"loc":{"start":{"line":69,"column":4},"end":{"line":71,"column":null}},"type":"if","locations":[{"start":{"line":69,"column":4},"end":{"line":71,"column":null}},{"start":{},"end":{}}]}},"s":{"0":0,"1":0,"2":0,"3":0,"4":0,"5":0,"6":0,"7":0,"8":0,"9":0,"10":0,"11":0,"12":0,"13":0,"14":0,"15":0,"16":0,"17":0,"18":0,"19":0,"20":0,"21":0,"22":0,"23":0,"24":0,"25":0,"26":0,"27":0,"28":0,"29":0,"30":0,"31":0,"32":0,"33":0,"34":0},"f":{"0":0,"1":0},"b":{"0":[0,0],"1":[0,0],"2":[0,0],"3":[0,0],"4":[0,0],"5":[0,0],"6":[0,0],"7":[0,0],"8":[0,0],"9":[0,0],"10":[0,0]}}
,"C:\\Users\\emili\\Documents\\emilio-portfolio-final\\components\\ScrollReset.tsx": {"path":"C:\\Users\\emili\\Documents\\emilio-portfolio-final\\components\\ScrollReset.tsx","statementMap":{"0":{"start":{"line":4,"column":24},"end":{"line":4,"column":null}},"1":{"start":{"line":2,"column":26},"end":{"line":2,"column":null}},"2":{"start":{"line":5,"column":2},"end":{"line":10,"column":null}},"3":{"start":{"line":6,"column":4},"end":{"line":8,"column":null}},"4":{"start":{"line":7,"column":6},"end":{"line":7,"column":null}},"5":{"start":{"line":9,"column":4},"end":{"line":9,"column":27}},"6":{"start":{"line":12,"column":2},"end":{"line":12,"column":null}}},"fnMap":{"0":{"name":"ScrollReset","decl":{"start":{"line":4,"column":24},"end":{"line":4,"column":null}},"loc":{"start":{"line":4,"column":24},"end":{"line":13,"column":null}}},"1":{"name":"(anonymous_2)","decl":{"start":{"line":5,"column":12},"end":{"line":5,"column":null}},"loc":{"start":{"line":5,"column":12},"end":{"line":10,"column":5}}}},"branchMap":{"0":{"loc":{"start":{"line":6,"column":4},"end":{"line":8,"column":null}},"type":"if","locations":[{"start":{"line":6,"column":4},"end":{"line":8,"column":null}},{"start":{},"end":{}}]}},"s":{"0":0,"1":0,"2":0,"3":0,"4":0,"5":0,"6":0},"f":{"0":0,"1":0},"b":{"0":[0,0]}}
,"C:\\Users\\emili\\Documents\\emilio-portfolio-final\\components\\ScrollToTop.tsx": {"path":"C:\\Users\\emili\\Documents\\emilio-portfolio-final\\components\\ScrollToTop.tsx","statementMap":{"0":{"start":{"line":7,"column":24},"end":{"line":7,"column":null}},"1":{"start":{"line":3,"column":24},"end":{"line":3,"column":null}},"2":{"start":{"line":4,"column":36},"end":{"line":4,"column":null}},"3":{"start":{"line":5,"column":40},"end":{"line":5,"column":null}},"4":{"start":{"line":8,"column":32},"end":{"line":8,"column":null}},"5":{"start":{"line":10,"column":2},"end":{"line":14,"column":null}},"6":{"start":{"line":11,"column":21},"end":{"line":11,"column":null}},"7":{"start":{"line":11,"column":27},"end":{"line":11,"column":null}},"8":{"start":{"line":12,"column":4},"end":{"line":12,"column":null}},"9":{"start":{"line":13,"column":4},"end":{"line":13,"column":null}},"10":{"start":{"line":13,"column":17},"end":{"line":13,"column":null}},"11":{"start":{"line":16,"column":22},"end":{"line":17,"column":null}},"12":{"start":{"line":17,"column":4},"end":{"line":17,"column":null}}},"fnMap":{"0":{"name":"ScrollToTop","decl":{"start":{"line":7,"column":24},"end":{"line":7,"column":null}},"loc":{"start":{"line":7,"column":24},"end":{"line":36,"column":null}}},"1":{"name":"(anonymous_2)","decl":{"start":{"line":10,"column":12},"end":{"line":10,"column":null}},"loc":{"start":{"line":10,"column":12},"end":{"line":14,"column":5}}},"2":{"name":"(anonymous_3)","decl":{"start":{"line":11,"column":21},"end":{"line":11,"column":27}},"loc":{"start":{"line":11,"column":27},"end":{"line":11,"column":null}}},"3":{"name":"(anonymous_4)","decl":{"start":{"line":13,"column":11},"end":{"line":13,"column":17}},"loc":{"start":{"line":13,"column":17},"end":{"line":13,"column":null}}},"4":{"name":"(anonymous_5)","decl":{"start":{"line":16,"column":22},"end":{"line":16,"column":null}},"loc":{"start":{"line":17,"column":4},"end":{"line":17,"column":null}}}},"branchMap":{"0":{"loc":{"start":{"line":21,"column":7},"end":{"line":21,"column":null}},"type":"binary-expr","locations":[{"start":{"line":21,"column":7},"end":{"line":21,"column":null}}]}},"s":{"0":0,"1":0,"2":0,"3":0,"4":0,"5":0,"6":0,"7":0,"8":0,"9":0,"10":0,"11":0,"12":0},"f":{"0":0,"1":0,"2":0,"3":0,"4":0},"b":{"0":[0]}}
,"C:\\Users\\emili\\Documents\\emilio-portfolio-final\\components\\Stack.tsx": {"path":"C:\\Users\\emili\\Documents\\emilio-portfolio-final\\components\\Stack.tsx","statementMap":{"0":{"start":{"line":8,"column":24},"end":{"line":8,"column":null}},"1":{"start":{"line":3,"column":23},"end":{"line":3,"column":null}},"2":{"start":{"line":4,"column":56},"end":{"line":4,"column":null}},"3":{"start":{"line":5,"column":53},"end":{"line":5,"column":null}},"4":{"start":{"line":6,"column":31},"end":{"line":6,"column":null}},"5":{"start":{"line":9,"column":23},"end":{"line":9,"column":null}},"6":{"start":{"line":11,"column":12},"end":{"line":22,"column":null}},"7":{"start":{"line":24,"column":23},"end":{"line":33,"column":null}},"8":{"start":{"line":35,"column":30},"end":{"line":35,"column":41}},"9":{"start":{"line":67,"column":10},"end":{"line":68,"column":null}}},"fnMap":{"0":{"name":"Stack","decl":{"start":{"line":8,"column":24},"end":{"line":8,"column":null}},"loc":{"start":{"line":8,"column":24},"end":{"line":79,"column":null}}},"1":{"name":"(anonymous_2)","decl":{"start":{"line":66,"column":26},"end":{"line":66,"column":27}},"loc":{"start":{"line":67,"column":10},"end":{"line":68,"column":null}}}},"branchMap":{},"s":{"0":0,"1":0,"2":0,"3":0,"4":0,"5":0,"6":0,"7":0,"8":0,"9":0},"f":{"0":0,"1":0},"b":{}}
,"C:\\Users\\emili\\Documents\\emilio-portfolio-final\\components\\Testimonials.tsx": {"path":"C:\\Users\\emili\\Documents\\emilio-portfolio-final\\components\\Testimonials.tsx","statementMap":{"0":{"start":{"line":45,"column":24},"end":{"line":45,"column":null}},"1":{"start":{"line":3,"column":36},"end":{"line":3,"column":null}},"2":{"start":{"line":4,"column":22},"end":{"line":4,"column":null}},"3":{"start":{"line":5,"column":31},"end":{"line":5,"column":null}},"4":{"start":{"line":6,"column":40},"end":{"line":6,"column":null}},"5":{"start":{"line":8,"column":21},"end":{"line":43,"column":null}},"6":{"start":{"line":46,"column":23},"end":{"line":46,"column":null}},"7":{"start":{"line":47,"column":28},"end":{"line":47,"column":null}},"8":{"start":{"line":49,"column":2},"end":{"line":54,"column":null}},"9":{"start":{"line":50,"column":21},"end":{"line":52,"column":null}},"10":{"start":{"line":51,"column":6},"end":{"line":51,"column":null}},"11":{"start":{"line":51,"column":22},"end":{"line":51,"column":61}},"12":{"start":{"line":53,"column":4},"end":{"line":53,"column":null}},"13":{"start":{"line":53,"column":17},"end":{"line":53,"column":null}},"14":{"start":{"line":56,"column":28},"end":{"line":56,"column":57}},"15":{"start":{"line":57,"column":12},"end":{"line":66,"column":null}}},"fnMap":{"0":{"name":"Testimonials","decl":{"start":{"line":45,"column":24},"end":{"line":45,"column":null}},"loc":{"start":{"line":45,"column":24},"end":{"line":117,"column":null}}},"1":{"name":"(anonymous_2)","decl":{"start":{"line":49,"column":12},"end":{"line":49,"column":null}},"loc":{"start":{"line":49,"column":12},"end":{"line":54,"column":5}}},"2":{"name":"(anonymous_3)","decl":{"start":{"line":50,"column":33},"end":{"line":50,"column":null}},"loc":{"start":{"line":50,"column":33},"end":{"line":52,"column":7}}},"3":{"name":"(anonymous_4)","decl":{"start":{"line":51,"column":15},"end":{"line":51,"column":16}},"loc":{"start":{"line":51,"column":22},"end":{"line":51,"column":61}}},"4":{"name":"(anonymous_5)","decl":{"start":{"line":53,"column":11},"end":{"line":53,"column":17}},"loc":{"start":{"line":53,"column":17},"end":{"line":53,"column":null}}}},"branchMap":{},"s":{"0":0,"1":0,"2":0,"3":0,"4":0,"5":0,"6":0,"7":0,"8":0,"9":0,"10":0,"11":0,"12":0,"13":0,"14":0,"15":0},"f":{"0":0,"1":0,"2":0,"3":0,"4":0},"b":{}}
,"C:\\Users\\emili\\Documents\\emilio-portfolio-final\\components\\navigation\\DarkModeToggle.tsx": {"path":"C:\\Users\\emili\\Documents\\emilio-portfolio-final\\components\\navigation\\DarkModeToggle.tsx","statementMap":{"0":{"start":{"line":6,"column":24},"end":{"line":6,"column":null}},"1":{"start":{"line":3,"column":26},"end":{"line":3,"column":null}},"2":{"start":{"line":4,"column":31},"end":{"line":4,"column":null}},"3":{"start":{"line":7,"column":39},"end":{"line":7,"column":null}}},"fnMap":{"0":{"name":"DarkModeToggle","decl":{"start":{"line":6,"column":24},"end":{"line":6,"column":null}},"loc":{"start":{"line":6,"column":24},"end":{"line":18,"column":null}}}},"branchMap":{"0":{"loc":{"start":{"line":13,"column":13},"end":{"line":13,"column":null}},"type":"cond-expr","locations":[{"start":{"line":13,"column":24},"end":{"line":13,"column":44}},{"start":{"line":13,"column":44},"end":{"line":13,"column":null}}]},"1":{"loc":{"start":{"line":15,"column":18},"end":{"line":15,"column":49}},"type":"cond-expr","locations":[{"start":{"line":15,"column":18},"end":{"line":15,"column":49}}]}},"s":{"0":0,"1":0,"2":0,"3":0},"f":{"0":0},"b":{"0":[0,0],"1":[0]}}
,"C:\\Users\\emili\\Documents\\emilio-portfolio-final\\components\\navigation\\LanguageToggle.tsx": {"path":"C:\\Users\\emili\\Documents\\emilio-portfolio-final\\components\\navigation\\LanguageToggle.tsx","statementMap":{"0":{"start":{"line":6,"column":24},"end":{"line":6,"column":null}},"1":{"start":{"line":3,"column":27},"end":{"line":3,"column":null}},"2":{"start":{"line":4,"column":31},"end":{"line":4,"column":null}},"3":{"start":{"line":7,"column":39},"end":{"line":7,"column":null}}},"fnMap":{"0":{"name":"LanguageToggle","decl":{"start":{"line":6,"column":24},"end":{"line":6,"column":null}},"loc":{"start":{"line":6,"column":24},"end":{"line":19,"column":null}}}},"branchMap":{"0":{"loc":{"start":{"line":13,"column":13},"end":{"line":13,"column":null}},"type":"cond-expr","locations":[{"start":{"line":13,"column":33},"end":{"line":13,"column":54}},{"start":{"line":13,"column":54},"end":{"line":13,"column":null}}]}},"s":{"0":0,"1":0,"2":0,"3":0},"f":{"0":0},"b":{"0":[0,0]}}
,"C:\\Users\\emili\\Documents\\emilio-portfolio-final\\components\\navigation\\Navbar.tsx": {"path":"C:\\Users\\emili\\Documents\\emilio-portfolio-final\\components\\navigation\\Navbar.tsx","statementMap":{"0":{"start":{"line":14,"column":24},"end":{"line":14,"column":null}},"1":{"start":{"line":3,"column":17},"end":{"line":3,"column":null}},"2":{"start":{"line":6,"column":7},"end":{"line":6,"column":null}},"3":{"start":{"line":7,"column":36},"end":{"line":7,"column":null}},"4":{"start":{"line":8,"column":23},"end":{"line":8,"column":null}},"5":{"start":{"line":9,"column":40},"end":{"line":9,"column":null}},"6":{"start":{"line":10,"column":27},"end":{"line":10,"column":null}},"7":{"start":{"line":11,"column":27},"end":{"line":11,"column":null}},"8":{"start":{"line":12,"column":31},"end":{"line":12,"column":null}},"9":{"start":{"line":15,"column":34},"end":{"line":15,"column":null}},"10":{"start":{"line":16,"column":34},"end":{"line":16,"column":null}},"11":{"start":{"line":17,"column":23},"end":{"line":17,"column":null}},"12":{"start":{"line":19,"column":2},"end":{"line":24,"column":null}},"13":{"start":{"line":20,"column":25},"end":{"line":20,"column":null}},"14":{"start":{"line":20,"column":31},"end":{"line":20,"column":null}},"15":{"start":{"line":21,"column":4},"end":{"line":21,"column":null}},"16":{"start":{"line":22,"column":4},"end":{"line":22,"column":null}},"17":{"start":{"line":23,"column":4},"end":{"line":23,"column":null}},"18":{"start":{"line":23,"column":17},"end":{"line":23,"column":null}},"19":{"start":{"line":26,"column":26},"end":{"line":35,"column":null}},"20":{"start":{"line":27,"column":4},"end":{"line":27,"column":null}},"21":{"start":{"line":28,"column":20},"end":{"line":28,"column":null}},"22":{"start":{"line":29,"column":4},"end":{"line":34,"column":null}},"23":{"start":{"line":30,"column":22},"end":{"line":30,"column":null}},"24":{"start":{"line":31,"column":16},"end":{"line":31,"column":null}},"25":{"start":{"line":32,"column":6},"end":{"line":32,"column":null}},"26":{"start":{"line":33,"column":6},"end":{"line":33,"column":null}},"27":{"start":{"line":37,"column":19},"end":{"line":44,"column":null}},"28":{"start":{"line":70,"column":12},"end":{"line":71,"column":null}},"29":{"start":{"line":73,"column":30},"end":{"line":73,"column":null}},"30":{"start":{"line":88,"column":27},"end":{"line":88,"column":null}},"31":{"start":{"line":106,"column":14},"end":{"line":107,"column":null}},"32":{"start":{"line":109,"column":32},"end":{"line":109,"column":null}}},"fnMap":{"0":{"name":"Navbar","decl":{"start":{"line":14,"column":24},"end":{"line":14,"column":null}},"loc":{"start":{"line":14,"column":24},"end":{"line":121,"column":null}}},"1":{"name":"(anonymous_3)","decl":{"start":{"line":19,"column":12},"end":{"line":19,"column":null}},"loc":{"start":{"line":19,"column":12},"end":{"line":24,"column":5}}},"2":{"name":"(anonymous_4)","decl":{"start":{"line":20,"column":25},"end":{"line":20,"column":31}},"loc":{"start":{"line":20,"column":31},"end":{"line":20,"column":null}}},"3":{"name":"(anonymous_5)","decl":{"start":{"line":23,"column":11},"end":{"line":23,"column":17}},"loc":{"start":{"line":23,"column":17},"end":{"line":23,"column":null}}},"4":{"name":"(anonymous_6)","decl":{"start":{"line":26,"column":26},"end":{"line":26,"column":27}},"loc":{"start":{"line":26,"column":67},"end":{"line":35,"column":null}}},"5":{"name":"(anonymous_7)","decl":{"start":{"line":69,"column":24},"end":{"line":69,"column":null}},"loc":{"start":{"line":70,"column":12},"end":{"line":71,"column":null}}},"6":{"name":"(anonymous_8)","decl":{"start":{"line":73,"column":23},"end":{"line":73,"column":24}},"loc":{"start":{"line":73,"column":30},"end":{"line":73,"column":null}}},"7":{"name":"(anonymous_9)","decl":{"start":{"line":88,"column":21},"end":{"line":88,"column":27}},"loc":{"start":{"line":88,"column":27},"end":{"line":88,"column":null}}},"8":{"name":"(anonymous_10)","decl":{"start":{"line":105,"column":26},"end":{"line":105,"column":null}},"loc":{"start":{"line":106,"column":14},"end":{"line":107,"column":null}}},"9":{"name":"(anonymous_11)","decl":{"start":{"line":109,"column":25},"end":{"line":109,"column":26}},"loc":{"start":{"line":109,"column":32},"end":{"line":109,"column":null}}}},"branchMap":{"0":{"loc":{"start":{"line":29,"column":4},"end":{"line":34,"column":null}},"type":"if","locations":[{"start":{"line":29,"column":4},"end":{"line":34,"column":null}},{"start":{},"end":{}}]},"1":{"loc":{"start":{"line":38,"column":13},"end":{"line":38,"column":52}},"type":"cond-expr","locations":[{"start":{"line":38,"column":33},"end":{"line":38,"column":44}},{"start":{"line":38,"column":44},"end":{"line":38,"column":52}}]},"2":{"loc":{"start":{"line":39,"column":13},"end":{"line":39,"column":55}},"type":"cond-expr","locations":[{"start":{"line":39,"column":33},"end":{"line":39,"column":46}},{"start":{"line":39,"column":46},"end":{"line":39,"column":55}}]},"3":{"loc":{"start":{"line":40,"column":13},"end":{"line":40,"column":51}},"type":"cond-expr","locations":[{"start":{"line":40,"column":33},"end":{"line":40,"column":43}},{"start":{"line":40,"column":43},"end":{"line":40,"column":51}}]},"4":{"loc":{"start":{"line":41,"column":13},"end":{"line":41,"column":59}},"type":"cond-expr","locations":[{"start":{"line":41,"column":33},"end":{"line":41,"column":47}},{"start":{"line":41,"column":47},"end":{"line":41,"column":59}}]},"5":{"loc":{"start":{"line":42,"column":13},"end":{"line":42,"column":65}},"type":"cond-expr","locations":[{"start":{"line":42,"column":33},"end":{"line":42,"column":49}},{"start":{"line":42,"column":49},"end":{"line":42,"column":65}}]},"6":{"loc":{"start":{"line":43,"column":13},"end":{"line":43,"column":57}},"type":"cond-expr","locations":[{"start":{"line":43,"column":33},"end":{"line":43,"column":46}},{"start":{"line":43,"column":46},"end":{"line":43,"column":57}}]},"7":{"loc":{"start":{"line":52,"column":8},"end":{"line":54,"column":null}},"type":"cond-expr","locations":[{"start":{"line":53,"column":12},"end":{"line":53,"column":null}},{"start":{"line":54,"column":12},"end":{"line":54,"column":null}}]},"8":{"loc":{"start":{"line":92,"column":24},"end":{"line":92,"column":53}},"type":"cond-expr","locations":[{"start":{"line":92,"column":24},"end":{"line":92,"column":53}}]},"9":{"loc":{"start":{"line":98,"column":9},"end":{"line":98,"column":null}},"type":"binary-expr","locations":[{"start":{"line":98,"column":9},"end":{"line":98,"column":null}}]}},"s":{"0":0,"1":0,"2":0,"3":0,"4":0,"5":0,"6":0,"7":0,"8":0,"9":0,"10":0,"11":0,"12":0,"13":0,"14":0,"15":0,"16":0,"17":0,"18":0,"19":0,"20":0,"21":0,"22":0,"23":0,"24":0,"25":0,"26":0,"27":0,"28":0,"29":0,"30":0,"31":0,"32":0},"f":{"0":0,"1":0,"2":0,"3":0,"4":0,"5":0,"6":0,"7":0,"8":0,"9":0},"b":{"0":[0,0],"1":[0,0],"2":[0,0],"3":[0,0],"4":[0,0],"5":[0,0],"6":[0,0],"7":[0,0],"8":[0],"9":[0]}}
,"C:\\Users\\emili\\Documents\\emilio-portfolio-final\\components\\ui\\ActionButton.tsx": {"path":"C:\\Users\\emili\\Documents\\emilio-portfolio-final\\components\\ui\\ActionButton.tsx","statementMap":{"0":{"start":{"line":15,"column":24},"end":{"line":15,"column":37}},"1":{"start":{"line":5,"column":24},"end":{"line":5,"column":null}},"2":{"start":{"line":17,"column":4},"end":{"line":17,"column":null}},"3":{"start":{"line":19,"column":19},"end":{"line":23,"column":null}},"4":{"start":{"line":25,"column":17},"end":{"line":25,"column":null}}},"fnMap":{"0":{"name":"ActionButton","decl":{"start":{"line":15,"column":24},"end":{"line":15,"column":37}},"loc":{"start":{"line":15,"column":103},"end":{"line":36,"column":null}}}},"branchMap":{"0":{"loc":{"start":{"line":15,"column":64},"end":{"line":15,"column":83}},"type":"default-arg","locations":[{"start":{"line":15,"column":74},"end":{"line":15,"column":83}}]},"1":{"loc":{"start":{"line":28,"column":4},"end":{"line":32,"column":5}},"type":"cond-expr","locations":[{"start":{"line":28,"column":4},"end":{"line":32,"column":5}}]}},"s":{"0":0,"1":0,"2":0,"3":0,"4":0},"f":{"0":0},"b":{"0":[0],"1":[0]}}
,"C:\\Users\\emili\\Documents\\emilio-portfolio-final\\hooks\\seActiveSection.ts": {"path":"C:\\Users\\emili\\Documents\\emilio-portfolio-final\\hooks\\seActiveSection.ts","statementMap":{"0":{"start":{"line":5,"column":16},"end":{"line":5,"column":33}},"1":{"start":{"line":3,"column":36},"end":{"line":3,"column":null}},"2":{"start":{"line":6,"column":30},"end":{"line":6,"column":null}},"3":{"start":{"line":8,"column":2},"end":{"line":27,"column":null}},"4":{"start":{"line":9,"column":25},"end":{"line":22,"column":null}},"5":{"start":{"line":10,"column":20},"end":{"line":10,"column":null}},"6":{"start":{"line":11,"column":6},"end":{"line":20,"column":null}},"7":{"start":{"line":12,"column":24},"end":{"line":12,"column":null}},"8":{"start":{"line":13,"column":8},"end":{"line":19,"column":null}},"9":{"start":{"line":14,"column":23},"end":{"line":14,"column":null}},"10":{"start":{"line":15,"column":10},"end":{"line":18,"column":null}},"11":{"start":{"line":16,"column":12},"end":{"line":16,"column":null}},"12":{"start":{"line":17,"column":12},"end":{"line":17,"column":null}},"13":{"start":{"line":21,"column":6},"end":{"line":21,"column":null}},"14":{"start":{"line":24,"column":4},"end":{"line":24,"column":null}},"15":{"start":{"line":25,"column":4},"end":{"line":25,"column":null}},"16":{"start":{"line":26,"column":4},"end":{"line":26,"column":null}},"17":{"start":{"line":26,"column":17},"end":{"line":26,"column":null}},"18":{"start":{"line":29,"column":2},"end":{"line":29,"column":null}}},"fnMap":{"0":{"name":"useActiveSection","decl":{"start":{"line":5,"column":16},"end":{"line":5,"column":33}},"loc":{"start":{"line":5,"column":52},"end":{"line":30,"column":null}}},"1":{"name":"(anonymous_2)","decl":{"start":{"line":8,"column":12},"end":{"line":8,"column":null}},"loc":{"start":{"line":8,"column":12},"end":{"line":27,"column":5}}},"2":{"name":"(anonymous_3)","decl":{"start":{"line":9,"column":25},"end":{"line":9,"column":null}},"loc":{"start":{"line":9,"column":25},"end":{"line":22,"column":null}}},"3":{"name":"(anonymous_4)","decl":{"start":{"line":26,"column":11},"end":{"line":26,"column":17}},"loc":{"start":{"line":26,"column":17},"end":{"line":26,"column":null}}}},"branchMap":{"0":{"loc":{"start":{"line":13,"column":8},"end":{"line":19,"column":null}},"type":"if","locations":[{"start":{"line":13,"column":8},"end":{"line":19,"column":null}},{"start":{},"end":{}}]},"1":{"loc":{"start":{"line":15,"column":10},"end":{"line":18,"column":null}},"type":"if","locations":[{"start":{"line":15,"column":10},"end":{"line":18,"column":null}},{"start":{},"end":{}}]},"2":{"loc":{"start":{"line":15,"column":14},"end":{"line":15,"column":51}},"type":"binary-expr","locations":[{"start":{"line":15,"column":14},"end":{"line":15,"column":32}},{"start":{"line":15,"column":32},"end":{"line":15,"column":51}}]}},"s":{"0":0,"1":0,"2":0,"3":0,"4":0,"5":0,"6":0,"7":0,"8":0,"9":0,"10":0,"11":0,"12":0,"13":0,"14":0,"15":0,"16":0,"17":0,"18":0},"f":{"0":0,"1":0,"2":0,"3":0},"b":{"0":[0,0],"1":[0,0],"2":[0,0]}}
,"C:\\Users\\emili\\Documents\\emilio-portfolio-final\\hooks\\useSmoothScroll.ts": {"path":"C:\\Users\\emili\\Documents\\emilio-portfolio-final\\hooks\\useSmoothScroll.ts","statementMap":{"0":{"start":{"line":5,"column":13},"end":{"line":5,"column":31}},"1":{"start":{"line":3,"column":26},"end":{"line":3,"column":null}},"2":{"start":{"line":5,"column":31},"end":{"line":22,"column":null}},"3":{"start":{"line":6,"column":2},"end":{"line":21,"column":null}},"4":{"start":{"line":7,"column":24},"end":{"line":17,"column":null}},"5":{"start":{"line":8,"column":21},"end":{"line":8,"column":33}},"6":{"start":{"line":9,"column":6},"end":{"line":9,"column":null}},"7":{"start":{"line":9,"column":34},"end":{"line":9,"column":null}},"8":{"start":{"line":10,"column":21},"end":{"line":10,"column":null}},"9":{"start":{"line":11,"column":6},"end":{"line":16,"column":null}},"10":{"start":{"line":12,"column":8},"end":{"line":12,"column":null}},"11":{"start":{"line":13,"column":19},"end":{"line":13,"column":null}},"12":{"start":{"line":14,"column":24},"end":{"line":14,"column":null}},"13":{"start":{"line":15,"column":8},"end":{"line":15,"column":null}},"14":{"start":{"line":19,"column":4},"end":{"line":19,"column":null}},"15":{"start":{"line":20,"column":4},"end":{"line":20,"column":null}},"16":{"start":{"line":20,"column":17},"end":{"line":20,"column":null}}},"fnMap":{"0":{"name":"(anonymous_1)","decl":{"start":{"line":5,"column":31},"end":{"line":5,"column":null}},"loc":{"start":{"line":5,"column":31},"end":{"line":22,"column":null}}},"1":{"name":"(anonymous_2)","decl":{"start":{"line":6,"column":12},"end":{"line":6,"column":null}},"loc":{"start":{"line":6,"column":12},"end":{"line":21,"column":5}}},"2":{"name":"(anonymous_3)","decl":{"start":{"line":7,"column":24},"end":{"line":7,"column":25}},"loc":{"start":{"line":7,"column":25},"end":{"line":17,"column":null}}},"3":{"name":"(anonymous_4)","decl":{"start":{"line":20,"column":11},"end":{"line":20,"column":17}},"loc":{"start":{"line":20,"column":17},"end":{"line":20,"column":null}}}},"branchMap":{"0":{"loc":{"start":{"line":9,"column":6},"end":{"line":9,"column":null}},"type":"if","locations":[{"start":{"line":9,"column":6},"end":{"line":9,"column":null}},{"start":{},"end":{}}]},"1":{"loc":{"start":{"line":11,"column":6},"end":{"line":16,"column":null}},"type":"if","locations":[{"start":{"line":11,"column":6},"end":{"line":16,"column":null}},{"start":{},"end":{}}]},"2":{"loc":{"start":{"line":11,"column":10},"end":{"line":11,"column":66}},"type":"binary-expr","locations":[{"start":{"line":11,"column":10},"end":{"line":11,"column":20}},{"start":{"line":11,"column":20},"end":{"line":11,"column":66}}]}},"s":{"0":0,"1":0,"2":0,"3":0,"4":0,"5":0,"6":0,"7":0,"8":0,"9":0,"10":0,"11":0,"12":0,"13":0,"14":0,"15":0,"16":0},"f":{"0":0,"1":0,"2":0,"3":0},"b":{"0":[0,0],"1":[0,0],"2":[0,0]}}
,"C:\\Users\\emili\\Documents\\emilio-portfolio-final\\lib\\openaiClient.ts": {"path":"C:\\Users\\emili\\Documents\\emilio-portfolio-final\\lib\\openaiClient.ts","statementMap":{"0":{"start":{"line":1,"column":22},"end":{"line":1,"column":38}},"1":{"start":{"line":2,"column":16},"end":{"line":14,"column":null}},"2":{"start":{"line":16,"column":4},"end":{"line":18,"column":null}},"3":{"start":{"line":17,"column":6},"end":{"line":17,"column":null}},"4":{"start":{"line":20,"column":17},"end":{"line":20,"column":null}},"5":{"start":{"line":21,"column":4},"end":{"line":21,"column":null}}},"fnMap":{"0":{"name":"getChatResponse","decl":{"start":{"line":1,"column":22},"end":{"line":1,"column":38}},"loc":{"start":{"line":1,"column":53},"end":{"line":22,"column":null}}}},"branchMap":{"0":{"loc":{"start":{"line":16,"column":4},"end":{"line":18,"column":null}},"type":"if","locations":[{"start":{"line":16,"column":4},"end":{"line":18,"column":null}},{"start":{},"end":{}}]}},"s":{"0":0,"1":0,"2":0,"3":0,"4":0,"5":0},"f":{"0":0},"b":{"0":[0,0]}}
,"C:\\Users\\emili\\Documents\\emilio-portfolio-final\\lib\\seo.ts": {"path":"C:\\Users\\emili\\Documents\\emilio-portfolio-final\\lib\\seo.ts","statementMap":{"0":{"start":{"line":64,"column":16},"end":{"line":64,"column":32}},"1":{"start":{"line":89,"column":16},"end":{"line":89,"column":38}},"2":{"start":{"line":13,"column":13},"end":{"line":13,"column":22}},"3":{"start":{"line":13,"column":57},"end":{"line":62,"column":null}},"4":{"start":{"line":65,"column":17},"end":{"line":65,"column":36}},"5":{"start":{"line":67,"column":2},"end":{"line":86,"column":null}},"6":{"start":{"line":90,"column":20},"end":{"line":90,"column":null}},"7":{"start":{"line":92,"column":2},"end":{"line":126,"column":null}}},"fnMap":{"0":{"name":"generateMetadata","decl":{"start":{"line":64,"column":16},"end":{"line":64,"column":32}},"loc":{"start":{"line":64,"column":61},"end":{"line":87,"column":null}}},"1":{"name":"generateStructuredData","decl":{"start":{"line":89,"column":16},"end":{"line":89,"column":38}},"loc":{"start":{"line":89,"column":67},"end":{"line":127,"column":null}}}},"branchMap":{"0":{"loc":{"start":{"line":64,"column":33},"end":{"line":64,"column":61}},"type":"default-arg","locations":[{"start":{"line":64,"column":57},"end":{"line":64,"column":61}}]},"1":{"loc":{"start":{"line":72,"column":13},"end":{"line":72,"column":43}},"type":"binary-expr","locations":[{"start":{"line":72,"column":13},"end":{"line":72,"column":27}},{"start":{"line":72,"column":31},"end":{"line":72,"column":43}}]},"2":{"loc":{"start":{"line":73,"column":19},"end":{"line":73,"column":61}},"type":"binary-expr","locations":[{"start":{"line":73,"column":19},"end":{"line":73,"column":39}},{"start":{"line":73,"column":43},"end":{"line":73,"column":61}}]},"3":{"loc":{"start":{"line":74,"column":14},"end":{"line":74,"column":null}},"type":"cond-expr","locations":[{"start":{"line":74,"column":34},"end":{"line":74,"column":44}},{"start":{"line":74,"column":44},"end":{"line":74,"column":null}}]},"4":{"loc":{"start":{"line":77,"column":13},"end":{"line":77,"column":48}},"type":"binary-expr","locations":[{"start":{"line":77,"column":13},"end":{"line":77,"column":32}},{"start":{"line":77,"column":36},"end":{"line":77,"column":48}}]},"5":{"loc":{"start":{"line":78,"column":19},"end":{"line":78,"column":66}},"type":"binary-expr","locations":[{"start":{"line":78,"column":19},"end":{"line":78,"column":44}},{"start":{"line":78,"column":48},"end":{"line":78,"column":66}}]},"6":{"loc":{"start":{"line":89,"column":39},"end":{"line":89,"column":67}},"type":"default-arg","locations":[{"start":{"line":89,"column":63},"end":{"line":89,"column":67}}]},"7":{"loc":{"start":{"line":96,"column":16},"end":{"line":96,"column":null}},"type":"cond-expr","locations":[{"start":{"line":96,"column":28},"end":{"line":96,"column":54}},{"start":{"line":96,"column":54},"end":{"line":96,"column":null}}]},"8":{"loc":{"start":{"line":97,"column":19},"end":{"line":99,"column":null}},"type":"cond-expr","locations":[{"start":{"line":98,"column":8},"end":{"line":98,"column":null}},{"start":{"line":99,"column":8},"end":{"line":99,"column":null}}]}},"s":{"0":6,"1":8,"2":19,"3":1,"4":6,"5":6,"6":8,"7":8},"f":{"0":6,"1":8},"b":{"0":[2],"1":[6,0],"2":[6,0],"3":[4,2],"4":[6,0],"5":[6,0],"6":[6],"7":[7,1],"8":[7,1]}}
,"C:\\Users\\emili\\Documents\\emilio-portfolio-final\\lib\\translations.ts": {"path":"C:\\Users\\emili\\Documents\\emilio-portfolio-final\\lib\\translations.ts","statementMap":{"0":{"start":{"line":1,"column":13},"end":{"line":1,"column":28}},"1":{"start":{"line":1,"column":28},"end":{"line":54,"column":null}}},"fnMap":{},"branchMap":{},"s":{"0":0,"1":0},"f":{},"b":{}}
}
