TN:
SF:app\layout.tsx
FN:123,RootLayout
FNF:1
FNH:0
FNDA:0,RootLayout
DA:1,0
DA:3,0
DA:4,0
DA:5,0
DA:6,0
DA:7,0
DA:8,0
DA:10,0
DA:12,0
DA:90,0
DA:123,0
LF:11
LH:0
BRF:0
BRH:0
end_of_record
TN:
SF:app\page.tsx
FN:16,HomePage
FNF:1
FNH:0
FNDA:0,HomePage
DA:3,0
DA:4,0
DA:5,0
DA:6,0
DA:7,0
DA:8,0
DA:9,0
DA:10,0
DA:11,0
DA:12,0
DA:13,0
DA:14,0
DA:16,0
DA:17,0
DA:19,0
DA:32,0
LF:16
LH:0
BRF:0
BRH:0
end_of_record
TN:
SF:app\sitemap.ts
FN:3,sitemap
FNF:1
FNH:0
FNDA:0,sitemap
DA:3,0
DA:4,0
DA:6,0
LF:3
LH:0
BRF:0
BRH:0
end_of_record
TN:
SF:components\About.tsx
FN:5,About
FNF:1
FNH:0
FNDA:0,About
DA:3,0
DA:5,0
LF:2
LH:0
BRF:0
BRH:0
end_of_record
TN:
SF:components\Contact.tsx
FN:7,Contact
FNF:1
FNH:0
FNDA:0,Contact
DA:3,0
DA:4,0
DA:5,0
DA:7,0
DA:8,0
DA:10,0
DA:23,0
LF:7
LH:0
BRF:0
BRH:0
end_of_record
TN:
SF:components\ContactForm.tsx
FN:9,ContactForm
FN:58,(anonymous_3)
FN:61,(anonymous_4)
FN:62,(anonymous_5)
FN:63,(anonymous_6)
FN:66,(anonymous_7)
FN:72,(anonymous_8)
FNF:7
FNH:0
FNDA:0,ContactForm
FNDA:0,(anonymous_3)
FNDA:0,(anonymous_4)
FNDA:0,(anonymous_5)
FNDA:0,(anonymous_6)
FNDA:0,(anonymous_7)
FNDA:0,(anonymous_8)
DA:3,0
DA:4,0
DA:5,0
DA:6,0
DA:7,0
DA:9,0
DA:10,0
DA:11,0
DA:12,0
DA:13,0
DA:14,0
DA:15,0
DA:16,0
DA:18,0
DA:19,0
DA:20,0
DA:21,0
DA:23,0
DA:56,0
DA:58,0
DA:59,0
DA:61,0
DA:62,0
DA:63,0
DA:66,0
DA:69,0
DA:72,0
DA:73,0
DA:74,0
DA:75,0
DA:76,0
DA:78,0
DA:79,0
DA:80,0
DA:83,0
DA:84,0
DA:85,0
DA:87,0
DA:88,0
DA:90,0
DA:91,0
DA:92,0
DA:93,0
DA:96,0
DA:108,0
DA:109,0
DA:110,0
DA:112,0
DA:115,0
DA:117,0
LF:50
LH:0
BRDA:74,0,0,0
BRDA:74,0,1,0
BRDA:74,1,0,0
BRDA:74,1,1,0
BRDA:74,1,2,0
BRDA:78,2,0,0
BRDA:78,2,1,0
BRDA:90,3,0,0
BRDA:90,3,1,0
BRDA:108,4,0,0
BRDA:108,4,1,0
BRDA:129,5,0,0
BRDA:130,6,0,0
BRDA:175,7,0,0
BRDA:175,7,1,0
BRDA:178,8,0,0
BRDA:178,8,1,0
BRDA:185,9,0,0
BRF:18
BRH:0
end_of_record
TN:
SF:components\FadeInSection.tsx
FN:5,FadeInSection
FNF:1
FNH:0
FNDA:0,FadeInSection
DA:2,0
DA:3,0
DA:5,0
DA:6,0
LF:4
LH:0
BRDA:12,0,0,0
BRDA:12,0,1,0
BRF:2
BRH:0
end_of_record
TN:
SF:components\Footer.tsx
FN:7,Footer
FNF:1
FNH:0
FNDA:0,Footer
DA:3,0
DA:4,0
DA:5,0
DA:7,0
DA:8,0
DA:10,0
DA:23,0
LF:7
LH:0
BRF:0
BRH:0
end_of_record
TN:
SF:components\Hero.tsx
FN:14,Hero
FNF:1
FNH:1
FNDA:14,Hero
DA:3,1
DA:4,1
DA:6,1
DA:7,1
DA:8,1
DA:10,1
DA:11,1
DA:12,1
DA:14,7
DA:15,14
DA:17,14
DA:38,14
DA:39,14
DA:40,14
LF:14
LH:14
BRDA:40,0,0,7
BRDA:40,0,1,7
BRF:2
BRH:2
end_of_record
TN:
SF:components\ProjectCarousel.tsx
FN:8,ProjectCarousel
FN:18,(anonymous_3)
FN:18,(anonymous_4)
FN:19,(anonymous_5)
FN:20,(anonymous_6)
FN:22,(anonymous_7)
FN:23,(anonymous_8)
FN:35,(anonymous_9)
FN:62,(anonymous_10)
FN:63,(anonymous_11)
FN:71,(anonymous_12)
FN:74,(anonymous_13)
FN:113,(anonymous_14)
FN:120,(anonymous_15)
FN:123,(anonymous_16)
FNF:15
FNH:0
FNDA:0,ProjectCarousel
FNDA:0,(anonymous_3)
FNDA:0,(anonymous_4)
FNDA:0,(anonymous_5)
FNDA:0,(anonymous_6)
FNDA:0,(anonymous_7)
FNDA:0,(anonymous_8)
FNDA:0,(anonymous_9)
FNDA:0,(anonymous_10)
FNDA:0,(anonymous_11)
FNDA:0,(anonymous_12)
FNDA:0,(anonymous_13)
FNDA:0,(anonymous_14)
FNDA:0,(anonymous_15)
FNDA:0,(anonymous_16)
DA:3,0
DA:4,0
DA:5,0
DA:6,0
DA:8,0
DA:15,0
DA:16,0
DA:18,0
DA:19,0
DA:20,0
DA:22,0
DA:23,0
DA:24,0
DA:27,0
DA:29,0
DA:30,0
DA:32,0
DA:35,0
DA:36,0
DA:37,0
DA:62,0
DA:63,0
DA:72,0
DA:74,0
DA:113,0
DA:120,0
DA:123,0
LF:27
LH:0
BRDA:24,0,0,0
BRDA:24,0,1,0
BRDA:29,1,0,0
BRDA:29,1,1,0
BRDA:63,2,0,0
BRDA:63,2,1,0
BRDA:77,3,0,0
BRDA:77,3,1,0
BRDA:104,4,0,0
BRF:9
BRH:0
end_of_record
TN:
SF:components\Projects.tsx
FN:135,getYouTubeId
FN:140,Projects
FN:153,(anonymous_4)
FN:163,(anonymous_5)
FN:195,(anonymous_6)
FN:228,(anonymous_7)
FN:275,(anonymous_8)
FN:305,(anonymous_9)
FN:306,(anonymous_10)
FN:314,(anonymous_11)
FNF:10
FNH:0
FNDA:0,getYouTubeId
FNDA:0,Projects
FNDA:0,(anonymous_4)
FNDA:0,(anonymous_5)
FNDA:0,(anonymous_6)
FNDA:0,(anonymous_7)
FNDA:0,(anonymous_8)
FNDA:0,(anonymous_9)
FNDA:0,(anonymous_10)
FNDA:0,(anonymous_11)
DA:4,0
DA:5,0
DA:6,0
DA:17,0
DA:18,0
DA:19,0
DA:20,0
DA:22,0
DA:136,0
DA:137,0
DA:140,0
DA:141,0
DA:142,0
DA:144,0
DA:153,0
DA:163,0
DA:167,0
DA:196,0
DA:197,0
DA:229,0
DA:230,0
DA:275,0
DA:305,0
DA:306,0
DA:314,0
LF:25
LH:0
BRDA:137,0,0,0
BRDA:137,0,1,0
BRDA:210,1,0,0
BRDA:229,2,0,0
BRDA:229,2,1,0
BRDA:234,3,0,0
BRDA:234,3,1,0
BRDA:253,4,0,0
BRDA:263,5,0,0
BRDA:273,6,0,0
BRDA:199,7,0,0
BRDA:199,7,1,0
BRDA:299,8,0,0
BRDA:306,9,0,0
BRDA:306,9,1,0
BRF:15
BRH:0
end_of_record
TN:
SF:components\SEOHead.tsx
FN:7,SEOHead
FN:10,(anonymous_2)
FNF:2
FNH:0
FNDA:0,SEOHead
FNDA:0,(anonymous_2)
DA:3,0
DA:4,0
DA:5,0
DA:7,0
DA:8,0
DA:10,0
DA:12,0
DA:22,0
DA:25,0
DA:26,0
DA:27,0
DA:31,0
DA:32,0
DA:33,0
DA:36,0
DA:37,0
DA:38,0
DA:41,0
DA:42,0
DA:43,0
DA:47,0
DA:48,0
DA:49,0
DA:52,0
DA:53,0
DA:54,0
DA:58,0
DA:59,0
DA:61,0
DA:62,0
DA:63,0
DA:67,0
DA:68,0
DA:69,0
DA:70,0
LF:35
LH:0
BRDA:12,0,0,0
BRDA:12,0,1,0
BRDA:26,1,0,0
BRDA:26,1,1,0
BRDA:32,2,0,0
BRDA:32,2,1,0
BRDA:37,3,0,0
BRDA:37,3,1,0
BRDA:42,4,0,0
BRDA:42,4,1,0
BRDA:43,5,0,0
BRDA:43,5,1,0
BRDA:48,6,0,0
BRDA:48,6,1,0
BRDA:53,7,0,0
BRDA:53,7,1,0
BRDA:61,8,0,0
BRDA:61,8,1,0
BRDA:61,9,0,0
BRDA:61,9,1,0
BRDA:69,10,0,0
BRDA:69,10,1,0
BRF:22
BRH:0
end_of_record
TN:
SF:components\ScrollReset.tsx
FN:4,ScrollReset
FN:5,(anonymous_2)
FNF:2
FNH:0
FNDA:0,ScrollReset
FNDA:0,(anonymous_2)
DA:2,0
DA:4,0
DA:5,0
DA:6,0
DA:7,0
DA:9,0
DA:12,0
LF:7
LH:0
BRDA:6,0,0,0
BRDA:6,0,1,0
BRF:2
BRH:0
end_of_record
TN:
SF:components\ScrollToTop.tsx
FN:7,ScrollToTop
FN:10,(anonymous_2)
FN:11,(anonymous_3)
FN:13,(anonymous_4)
FN:16,(anonymous_5)
FNF:5
FNH:0
FNDA:0,ScrollToTop
FNDA:0,(anonymous_2)
FNDA:0,(anonymous_3)
FNDA:0,(anonymous_4)
FNDA:0,(anonymous_5)
DA:3,0
DA:4,0
DA:5,0
DA:7,0
DA:8,0
DA:10,0
DA:11,0
DA:12,0
DA:13,0
DA:16,0
DA:17,0
LF:11
LH:0
BRDA:21,0,0,0
BRF:1
BRH:0
end_of_record
TN:
SF:components\Stack.tsx
FN:8,Stack
FN:66,(anonymous_2)
FNF:2
FNH:0
FNDA:0,Stack
FNDA:0,(anonymous_2)
DA:3,0
DA:4,0
DA:5,0
DA:6,0
DA:8,0
DA:9,0
DA:11,0
DA:24,0
DA:35,0
DA:67,0
LF:10
LH:0
BRF:0
BRH:0
end_of_record
TN:
SF:components\Testimonials.tsx
FN:45,Testimonials
FN:49,(anonymous_2)
FN:50,(anonymous_3)
FN:51,(anonymous_4)
FN:53,(anonymous_5)
FNF:5
FNH:0
FNDA:0,Testimonials
FNDA:0,(anonymous_2)
FNDA:0,(anonymous_3)
FNDA:0,(anonymous_4)
FNDA:0,(anonymous_5)
DA:3,0
DA:4,0
DA:5,0
DA:6,0
DA:8,0
DA:45,0
DA:46,0
DA:47,0
DA:49,0
DA:50,0
DA:51,0
DA:53,0
DA:56,0
DA:57,0
LF:14
LH:0
BRF:0
BRH:0
end_of_record
TN:
SF:components\navigation\DarkModeToggle.tsx
FN:6,DarkModeToggle
FNF:1
FNH:0
FNDA:0,DarkModeToggle
DA:3,0
DA:4,0
DA:6,0
DA:7,0
LF:4
LH:0
BRDA:13,0,0,0
BRDA:13,0,1,0
BRDA:15,1,0,0
BRF:3
BRH:0
end_of_record
TN:
SF:components\navigation\LanguageToggle.tsx
FN:6,LanguageToggle
FNF:1
FNH:0
FNDA:0,LanguageToggle
DA:3,0
DA:4,0
DA:6,0
DA:7,0
LF:4
LH:0
BRDA:13,0,0,0
BRDA:13,0,1,0
BRF:2
BRH:0
end_of_record
TN:
SF:components\navigation\Navbar.tsx
FN:14,Navbar
FN:19,(anonymous_3)
FN:20,(anonymous_4)
FN:23,(anonymous_5)
FN:26,(anonymous_6)
FN:69,(anonymous_7)
FN:73,(anonymous_8)
FN:88,(anonymous_9)
FN:105,(anonymous_10)
FN:109,(anonymous_11)
FNF:10
FNH:0
FNDA:0,Navbar
FNDA:0,(anonymous_3)
FNDA:0,(anonymous_4)
FNDA:0,(anonymous_5)
FNDA:0,(anonymous_6)
FNDA:0,(anonymous_7)
FNDA:0,(anonymous_8)
FNDA:0,(anonymous_9)
FNDA:0,(anonymous_10)
FNDA:0,(anonymous_11)
DA:3,0
DA:6,0
DA:7,0
DA:8,0
DA:9,0
DA:10,0
DA:11,0
DA:12,0
DA:14,0
DA:15,0
DA:16,0
DA:17,0
DA:19,0
DA:20,0
DA:21,0
DA:22,0
DA:23,0
DA:26,0
DA:27,0
DA:28,0
DA:29,0
DA:30,0
DA:31,0
DA:32,0
DA:33,0
DA:37,0
DA:70,0
DA:73,0
DA:88,0
DA:106,0
DA:109,0
LF:31
LH:0
BRDA:29,0,0,0
BRDA:29,0,1,0
BRDA:38,1,0,0
BRDA:38,1,1,0
BRDA:39,2,0,0
BRDA:39,2,1,0
BRDA:40,3,0,0
BRDA:40,3,1,0
BRDA:41,4,0,0
BRDA:41,4,1,0
BRDA:42,5,0,0
BRDA:42,5,1,0
BRDA:43,6,0,0
BRDA:43,6,1,0
BRDA:52,7,0,0
BRDA:52,7,1,0
BRDA:92,8,0,0
BRDA:98,9,0,0
BRF:18
BRH:0
end_of_record
TN:
SF:components\ui\ActionButton.tsx
FN:15,ActionButton
FNF:1
FNH:0
FNDA:0,ActionButton
DA:5,0
DA:15,0
DA:17,0
DA:19,0
DA:25,0
LF:5
LH:0
BRDA:15,0,0,0
BRDA:28,1,0,0
BRF:2
BRH:0
end_of_record
TN:
SF:hooks\seActiveSection.ts
FN:5,useActiveSection
FN:8,(anonymous_2)
FN:9,(anonymous_3)
FN:26,(anonymous_4)
FNF:4
FNH:0
FNDA:0,useActiveSection
FNDA:0,(anonymous_2)
FNDA:0,(anonymous_3)
FNDA:0,(anonymous_4)
DA:3,0
DA:5,0
DA:6,0
DA:8,0
DA:9,0
DA:10,0
DA:11,0
DA:12,0
DA:13,0
DA:14,0
DA:15,0
DA:16,0
DA:17,0
DA:21,0
DA:24,0
DA:25,0
DA:26,0
DA:29,0
LF:18
LH:0
BRDA:13,0,0,0
BRDA:13,0,1,0
BRDA:15,1,0,0
BRDA:15,1,1,0
BRDA:15,2,0,0
BRDA:15,2,1,0
BRF:6
BRH:0
end_of_record
TN:
SF:hooks\useSmoothScroll.ts
FN:5,(anonymous_1)
FN:6,(anonymous_2)
FN:7,(anonymous_3)
FN:20,(anonymous_4)
FNF:4
FNH:0
FNDA:0,(anonymous_1)
FNDA:0,(anonymous_2)
FNDA:0,(anonymous_3)
FNDA:0,(anonymous_4)
DA:3,0
DA:5,0
DA:6,0
DA:7,0
DA:8,0
DA:9,0
DA:10,0
DA:11,0
DA:12,0
DA:13,0
DA:14,0
DA:15,0
DA:19,0
DA:20,0
LF:14
LH:0
BRDA:9,0,0,0
BRDA:9,0,1,0
BRDA:11,1,0,0
BRDA:11,1,1,0
BRDA:11,2,0,0
BRDA:11,2,1,0
BRF:6
BRH:0
end_of_record
TN:
SF:lib\openaiClient.ts
FN:1,getChatResponse
FNF:1
FNH:0
FNDA:0,getChatResponse
DA:1,0
DA:2,0
DA:16,0
DA:17,0
DA:20,0
DA:21,0
LF:6
LH:0
BRDA:16,0,0,0
BRDA:16,0,1,0
BRF:2
BRH:0
end_of_record
TN:
SF:lib\seo.ts
FN:64,generateMetadata
FN:89,generateStructuredData
FNF:2
FNH:2
FNDA:6,generateMetadata
FNDA:8,generateStructuredData
DA:13,19
DA:64,6
DA:65,6
DA:67,6
DA:89,8
DA:90,8
DA:92,8
LF:7
LH:7
BRDA:64,0,0,2
BRDA:72,1,0,6
BRDA:72,1,1,0
BRDA:73,2,0,6
BRDA:73,2,1,0
BRDA:74,3,0,4
BRDA:74,3,1,2
BRDA:77,4,0,6
BRDA:77,4,1,0
BRDA:78,5,0,6
BRDA:78,5,1,0
BRDA:89,6,0,6
BRDA:96,7,0,7
BRDA:96,7,1,1
BRDA:97,8,0,7
BRDA:97,8,1,1
BRF:16
BRH:12
end_of_record
TN:
SF:lib\translations.ts
FNF:0
FNH:0
DA:1,0
LF:1
LH:0
BRF:0
BRH:0
end_of_record
